<?xml version="1.0" encoding="UTF-8"?>
<!-- Generated by org.testng.reporters.JUnitReportReporter -->
<testsuite hostname="DESKTOP-9D8BRPE" failures="0" tests="1" name="logtest.Workbook" time="0.019" errors="0" timestamp="2021-10-03T16:03:01 IST" skipped="0">
  <testcase classname="logtest.Workbook" name="lggg" time="0.019"/>
  <system-out/>
</testsuite> <!-- logtest.Workbook -->
