<?xml version="1.0" encoding="UTF-8"?>
<!-- Generated by org.testng.reporters.JUnitReportReporter -->
<testsuite hostname="DESKTOP-9D8BRPE" failures="0" tests="1" name="excel.Write" time="0.188" errors="0" timestamp="2021-10-06T07:05:37 IST" skipped="0">
  <testcase classname="excel.Write" name="book" time="0.188"/>
  <system-out/>
</testsuite> <!-- excel.Write -->
