<?xml version="1.0" encoding="UTF-8"?>
<!-- Generated by org.testng.reporters.JUnitReportReporter -->
<testsuite hostname="DESKTOP-9D8BRPE" failures="0" tests="2" name="logtest.Forseperatepage" time="15.602" errors="0" timestamp="2021-10-02T10:50:01 IST" skipped="0">
  <testcase classname="logtest.Forseperatepage" name="createshot" time="15.395"/>
  <system-out/>
  <testcase classname="logtest.Forseperatepage" name="submitsheet" time="0.207"/>
  <system-out/>
</testsuite> <!-- logtest.Forseperatepage -->
