<?xml version="1.0" encoding="UTF-8"?>
<!-- Generated by org.testng.reporters.JUnitReportReporter -->
<testsuite hostname="DESKTOP-9D8BRPE" failures="0" tests="1" name="Selenium.Pract.App" time="0.011" errors="0" timestamp="2021-10-04T09:35:41 IST" skipped="0">
  <testcase classname="Selenium.Pract.App" name="klll" time="0.011"/>
  <system-out/>
</testsuite> <!-- Selenium.Pract.App -->
