<?xml version="1.0" encoding="UTF-8"?>
<!-- Generated by org.testng.reporters.JUnitReportReporter -->
<testsuite hostname="DESKTOP-9D8BRPE" failures="0" tests="1" name="logtest.captureScreenshot" time="9.629" errors="0" timestamp="2021-10-01T10:57:09 IST" skipped="0">
  <testcase classname="logtest.captureScreenshot" name="createscreem" time="9.629"/>
  <system-out/>
</testsuite> <!-- logtest.captureScreenshot -->
