<?xml version="1.0" encoding="UTF-8"?>
<!-- Generated by org.testng.reporters.JUnitReportReporter -->
<testsuite hostname="DESKTOP-9D8BRPE" failures="0" tests="1" name="logtest.Logggg" time="21.444" errors="0" timestamp="2021-10-05T09:09:29 IST" skipped="0">
  <testcase classname="logtest.Logggg" name="lot" time="21.444"/>
  <system-out/>
</testsuite> <!-- logtest.Logggg -->
