<?xml version="1.0" encoding="UTF-8"?>
<!-- Generated by org.testng.reporters.JUnitReportReporter -->
<testsuite hostname="DESKTOP-9D8BRPE" failures="0" tests="1" name="excel.Read" time="0.446" errors="0" timestamp="2021-10-06T07:21:32 IST" skipped="0">
  <testcase classname="excel.Read" name="bok" time="0.446"/>
  <system-out/>
</testsuite> <!-- excel.Read -->
