<?xml version="1.0" encoding="UTF-8"?>
<!-- Generated by org.testng.reporters.JUnitReportReporter -->
<testsuite hostname="DESKTOP-9D8BRPE" failures="0" tests="1" name="logtest.Ja" time="17.790" errors="0" timestamp="2021-10-05T12:25:09 IST" skipped="0">
  <testcase classname="logtest.Ja" name="lggg" time="17.790"/>
  <system-out/>
</testsuite> <!-- logtest.Ja -->
